[demo.w3layouts.com/demos_new/template_demo/01-04-2019/yield-demo_Free/227028991/web/index.html]
[backblue.gif]
[fade.gif]
[index.html]
[demo.w3layouts.com/demos_new/template_demo/01-04-2019/yield-demo_Free/227028991/web/css/bootstrap.min.css]
[demo.w3layouts.com/demos_new/template_demo/01-04-2019/yield-demo_Free/227028991/web/css/font-awesome.min.css]
[demo.w3layouts.com/demos_new/template_demo/01-04-2019/yield-demo_Free/227028991/web/css/style.css]
[demo.w3layouts.com/assests/css/font-awesome.min.css]
[m.servedby-buysellads.com/monetization.js]
[demo.w3layouts.com/demos_new/template_demo/01-04-2019/yield-demo_Free/227028991/web/images/ab1.jpg]
[demo.w3layouts.com/demos_new/template_demo/01-04-2019/yield-demo_Free/227028991/web/images/t1.jpg]
[demo.w3layouts.com/demos_new/template_demo/01-04-2019/yield-demo_Free/227028991/web/images/t2.jpg]
[demo.w3layouts.com/demos_new/template_demo/01-04-2019/yield-demo_Free/227028991/web/images/t3.jpg]
[demo.w3layouts.com/demos_new/template_demo/01-04-2019/yield-demo_Free/227028991/web/images/g1.jpg]
[demo.w3layouts.com/demos_new/template_demo/01-04-2019/yield-demo_Free/227028991/web/images/g6.jpg]
[demo.w3layouts.com/demos_new/template_demo/01-04-2019/yield-demo_Free/227028991/web/images/g3.jpg]
[demo.w3layouts.com/demos_new/template_demo/01-04-2019/yield-demo_Free/227028991/web/images/g4.jpg]
[demo.w3layouts.com/demos_new/template_demo/01-04-2019/yield-demo_Free/227028991/web/images/g2.jpg]
[demo.w3layouts.com/demos_new/template_demo/01-04-2019/yield-demo_Free/227028991/web/images/g5.jpg]
[demo.w3layouts.com/demos_new/template_demo/01-04-2019/yield-demo_Free/227028991/web/index.html]
[fonts.googleapis.com/css452e.css]
[fonts.googleapis.com/css3385.css]
[demo.w3layouts.com/demos_new/template_demo/01-04-2019/yield-demo_Free/227028991/web/css/bootstrap.min.css]
[demo.w3layouts.com/demos_new/template_demo/01-04-2019/yield-demo_Free/227028991/web/fonts/fontawesome-webfont3e6e.eot]
[demo.w3layouts.com/demos_new/template_demo/01-04-2019/yield-demo_Free/227028991/web/fonts/fontawesome-webfontd41d.eot]
[demo.w3layouts.com/demos_new/template_demo/01-04-2019/yield-demo_Free/227028991/web/fonts/fontawesome-webfont3e6e.woff2]
[demo.w3layouts.com/demos_new/template_demo/01-04-2019/yield-demo_Free/227028991/web/fonts/fontawesome-webfont3e6e.woff]
[demo.w3layouts.com/demos_new/template_demo/01-04-2019/yield-demo_Free/227028991/web/fonts/fontawesome-webfont3e6e.ttf]
[demo.w3layouts.com/demos_new/template_demo/01-04-2019/yield-demo_Free/227028991/web/css/font-awesome.min.css]
[demo.w3layouts.com/demos_new/template_demo/01-04-2019/yield-demo_Free/227028991/web/fonts/fontawesome-webfont3e6e.svg]
[demo.w3layouts.com/demos_new/template_demo/01-04-2019/yield-demo_Free/227028991/web/images/b3.jpg]
[demo.w3layouts.com/demos_new/template_demo/01-04-2019/yield-demo_Free/227028991/web/images/s1.jpg]
[demo.w3layouts.com/demos_new/template_demo/01-04-2019/yield-demo_Free/227028991/web/images/s3.jpg]
[demo.w3layouts.com/demos_new/template_demo/01-04-2019/yield-demo_Free/227028991/web/images/s2.jpg]
[demo.w3layouts.com/demos_new/template_demo/01-04-2019/yield-demo_Free/227028991/web/images/s6.jpg]
[demo.w3layouts.com/demos_new/template_demo/01-04-2019/yield-demo_Free/227028991/web/images/s5.jpg]
[demo.w3layouts.com/demos_new/template_demo/01-04-2019/yield-demo_Free/227028991/web/images/s4.jpg]
[demo.w3layouts.com/demos_new/template_demo/01-04-2019/yield-demo_Free/227028991/web/images/b2.jpg]
[demo.w3layouts.com/demos_new/template_demo/01-04-2019/yield-demo_Free/227028991/web/images/blog1.jpg]
[demo.w3layouts.com/demos_new/template_demo/01-04-2019/yield-demo_Free/227028991/web/images/blog2.jpg]
[demo.w3layouts.com/demos_new/template_demo/01-04-2019/yield-demo_Free/227028991/web/css/style.css]
[demo.w3layouts.com/assests/css/font-awesome.min.css]
[demo.w3layouts.com/demos_new/template_demo/01-04-2019/yield-demo_Free/227028991/web/fonts/fontawesome-webfont3e6e.svg]
[demo.w3layouts.com/assests/fonts/fontawesome-webfont3e6e.svg]
[demo.w3layouts.com/assests/fonts/fontawesome-webfont3e6e.svg]
